00000010a.png
00000011a.png
00000014a.png
00000015a.png
00000030a.png
00000051a.png
00000056a.png
00000058a.png
00000060a.png
00000061a.png
00000068a.png
00000083a.png
00000102a.png
00000106a.png
00000108a.png
00000110a.png
00000111a.png
00000112a.png
00000113a.png
00000114a.png
00000117a.png
00000119a.png
00000127a.png
00000131a.png
00000154a.png
00000157a.png
00000159a.png
00000160a.png
00000166a.png
00000167a.png
00000168a.png
00000172a.png
00000173a.png
00000175a.png
00000185a.png
00000188a.png
00000189a.png
00000191a.png
00000193a.png
00000206a.png
00000211a.png
00000215a.png
00000223a.png
00000231a.png
00000232a.png
00000233a.png
00000236a.png
00000240a.png
00000242a.png
00000243a.png
00000251a.png
00000265a.png
00000266a.png
00000267a.png
00000281a.png
00000282a.png
00000289a.png
00000295a.png
00000299a.png
00000305a.png
00000308a.png
00000309a.png
00000310a.png
00000311a.png
00000312a.png
00000320a.png
00000321a.png
00000323a.png
00000325a.png
00000326a.png
00000369a.png
00000383a.png
00000400a.png
00000410a.png
00000415a.png
00000416a.png
00000451a.png
00000477a.png
00000581a.png
00000583a.png
00000584a.png
00000586a.png
00000587a.png
00000589a.png
00000595a.png
00000597a.png
00000599a.png
00000601a.png
00000602a.png
00000604a.png
00000605a.png
00000609a.png
00000610a.png
00000611a.png
00000613a.png
00000617a.png
00000618a.png
00000622a.png
00000628a.png
00000636a.png
00000638a.png
00000640a.png
00000644a.png
00000647a.png
00000651a.png
00000653a.png
00000656a.png
00000658a.png
00000660a.png
00000661a.png
00000662a.png
00000663a.png
00000665a.png
00000666a.png
00000667a.png
00000670a.png
00000671a.png
00000673a.png
00000675a.png
00000676a.png
00000679a.png
00000681a.png
00000687a.png
00000688a.png
00000690a.png
00000692a.png
00000726a.png
00000755a.png
00000756a.png
00000760a.png
00000767a.png
00000769a.png
00000770a.png
00000783a.png
00000794a.png
00000797a.png
00000808a.png
00000810a.png
00000815a.png
00000830a.png
00000835a.png
00000841a.png
00000844a.png
00000845a.png
00000863a.png
00000864a.png
00000865a.png
00000866a.png
00000871a.png
00000876a.png
00000882a.png
00000885a.png
00000890a.png
00000910a.png
00000939a.png
00000943a.png
00000955a.png
00000957a.png
00000961a.png
00000963a.png
00000969a.png
00000971a.png
00000972a.png
00000973a.png
00000974a.png
00000975a.png
00000976a.png
00000977a.png
00000978a.png
00000980a.png
00000984a.png
00000985a.png
00000989a.png
00000990a.png
00000992a.png
00000995a.png
00000998a.png
00001002a.png
00001003a.png
00001004a.png
00001005a.png
00001007a.png
00001011a.png
00001012a.png
00001014a.png
00001016a.png
00001018a.png
00001021a.png
00001024a.png
00001025a.png
00001031a.png
00001034a.png
00001036a.png
00001037a.png
00001039a.png
00001040a.png
00001044a.png
00001058a.png
00001061a.png
00001064a.png
00001065a.png
00001066a.png
00001068a.png
00001070a.png
00001073a.png
00001075a.png
00001076a.png
00001077a.png
00001081a.png
00001082a.png
00001083a.png
00001084a.png
00001086a.png
00001091a.png
00001092a.png
00001096a.png
00001105a.png
00001106a.png
00001107a.png
00001111a.png
00001119a.png
00001120a.png
00001121a.png
00001122a.png
00001123a.png
00001124a.png
00001125a.png
bike_001.png
bike_002.png
bike_004.png
bike_005.png
bike_007.png
bike_008.png
bike_010.png
bike_011.png
bike_013.png
bike_014.png
bike_016.png
bike_017.png
bike_019.png
bike_020.png
bike_022.png
bike_023.png
bike_025.png
bike_026.png
bike_028.png
bike_029.png
D2004-08-21_14h39m50s.jpg
neg.lst
no_person__no_bike_001.png
no_person__no_bike_002.png
no_person__no_bike_004.png
no_person__no_bike_005.png
no_person__no_bike_007.png
no_person__no_bike_008.png
no_person__no_bike_010.png
no_person__no_bike_011.png
no_person__no_bike_013.png
no_person__no_bike_014.png
no_person__no_bike_016.png
no_person__no_bike_017.png
no_person__no_bike_019.png
no_person__no_bike_020.png
no_person__no_bike_022.png
no_person__no_bike_023.png
no_person__no_bike_025.png
no_person__no_bike_026.png
no_person__no_bike_028.png
no_person__no_bike_029.png
no_person__no_bike_031.png
no_person__no_bike_032.png
no_person__no_bike_034.png
no_person__no_bike_035.png
no_person__no_bike_037.png
no_person__no_bike_038.png
no_person__no_bike_040.png
no_person__no_bike_041.png
no_person__no_bike_043.png
no_person__no_bike_044.png
no_person__no_bike_046.png
no_person__no_bike_047.png
no_person__no_bike_049.png
no_person__no_bike_050.png
no_person__no_bike_052.png
no_person__no_bike_053.png
no_person__no_bike_055.png
no_person__no_bike_056.png
no_person__no_bike_058.png
no_person__no_bike_059.png
no_person__no_bike_061.png
no_person__no_bike_062.png
no_person__no_bike_064.png
no_person__no_bike_065.png
no_person__no_bike_067.png
no_person__no_bike_068.png
no_person__no_bike_070.png
no_person__no_bike_071.png
no_person__no_bike_073.png
no_person__no_bike_074.png
no_person__no_bike_076.png
no_person__no_bike_077.png
no_person__no_bike_079.png
no_person__no_bike_080.png
no_person__no_bike_082.png
no_person__no_bike_083.png
no_person__no_bike_085.png
no_person__no_bike_086.png
no_person__no_bike_088.png
no_person__no_bike_089.png
no_person__no_bike_091.png
no_person__no_bike_092.png
no_person__no_bike_094.png
no_person__no_bike_095.png
no_person__no_bike_097.png
no_person__no_bike_098.png
no_person__no_bike_100.png
no_person__no_bike_101.png
no_person__no_bike_103.png
no_person__no_bike_104.png
no_person__no_bike_106.png
no_person__no_bike_107.png
no_person__no_bike_109.png
no_person__no_bike_110.png
no_person__no_bike_112.png
no_person__no_bike_113.png
no_person__no_bike_115.png
no_person__no_bike_116.png
no_person__no_bike_118.png
no_person__no_bike_119.png
no_person__no_bike_121.png
no_person__no_bike_122.png
no_person__no_bike_124.png
no_person__no_bike_125.png
no_person__no_bike_127.png
no_person__no_bike_128.png
no_person__no_bike_130.png
no_person__no_bike_131.png
no_person__no_bike_133.png
no_person__no_bike_134.png
no_person__no_bike_136.png
no_person__no_bike_137.png
no_person__no_bike_139.png
no_person__no_bike_140.png
no_person__no_bike_142.png
no_person__no_bike_143.png
no_person__no_bike_145.png
no_person__no_bike_147.png
no_person__no_bike_149.png
no_person__no_bike_150.png
no_person__no_bike_152.png
no_person__no_bike_153.png
no_person__no_bike_155.png
no_person__no_bike_156.png
no_person__no_bike_158.png
no_person__no_bike_159.png
no_person__no_bike_161.png
no_person__no_bike_162.png
no_person__no_bike_164.png
no_person__no_bike_165.png
no_person__no_bike_168.png
no_person__no_bike_169.png
no_person__no_bike_171.png
no_person__no_bike_172.png
no_person__no_bike_174.png
no_person__no_bike_175.png
no_person__no_bike_177.png
no_person__no_bike_178.png
no_person__no_bike_180.png
no_person__no_bike_181.png
no_person__no_bike_183.png
no_person__no_bike_184.png
no_person__no_bike_186.png
no_person__no_bike_187.png
no_person__no_bike_189.png
no_person__no_bike_190.png
no_person__no_bike_192.png
no_person__no_bike_193.png
no_person__no_bike_195.png
no_person__no_bike_196.png
no_person__no_bike_198.png
no_person__no_bike_199.png
no_person__no_bike_201.png
no_person__no_bike_202.png
no_person__no_bike_204.png
no_person__no_bike_205.png
no_person__no_bike_207.png
no_person__no_bike_208.png
no_person__no_bike_210.png
no_person__no_bike_211.png
no_person__no_bike_213.png
no_person__no_bike_214.png
no_person__no_bike_216.png
no_person__no_bike_217.png
no_person__no_bike_219.png
no_person__no_bike_220.png
no_person__no_bike_222.png
no_person__no_bike_223.png
no_person__no_bike_225.png
no_person__no_bike_226.png
no_person__no_bike_228.png
no_person__no_bike_229.png
no_person__no_bike_231.png
no_person__no_bike_232.png
no_person__no_bike_234.png
no_person__no_bike_235.png
no_person__no_bike_237.png
no_person__no_bike_238.png
no_person__no_bike_240.png
no_person__no_bike_241.png
no_person__no_bike_243.png
no_person__no_bike_244.png
no_person__no_bike_246.png
no_person__no_bike_247.png
no_person__no_bike_249.png
no_person__no_bike_250.png
no_person__no_bike_252.png
no_person__no_bike_253.png
no_person__no_bike_255.png
no_person__no_bike_256.png
no_person__no_bike_258.png
